[debug] [2022-04-30T00:51:00.114Z] ----------------------------------------------------------------------
[debug] [2022-04-30T00:51:00.115Z] Command:       C:\Program Files\nodejs\node.exe C:\Users\FAHIM\AppData\Roaming\npm\node_modules\firebase-tools\lib\bin\firebase.js deploy
[debug] [2022-04-30T00:51:00.116Z] CLI Version:   10.7.2
[debug] [2022-04-30T00:51:00.116Z] Platform:      win32
[debug] [2022-04-30T00:51:00.116Z] Node Version:  v14.17.5
[debug] [2022-04-30T00:51:00.116Z] Time:          Sat Apr 30 2022 06:51:00 GMT+0600 (Bangladesh Standard Time)
[debug] [2022-04-30T00:51:00.116Z] ----------------------------------------------------------------------
[debug] 
[debug] [2022-04-30T00:51:00.167Z] > command requires scopes: ["email","openid","https://www.googleapis.com/auth/cloudplatformprojects.readonly","https://www.googleapis.com/auth/firebase","https://www.googleapis.com/auth/cloud-platform"]
[debug] [2022-04-30T00:51:00.168Z] > authorizing via signed-in user (irfanulislamfahim@gmail.com)
[debug] [2022-04-30T00:51:00.168Z] [iam] checking project genius-car-services-4c6bc for permissions ["firebase.projects.get","firebasehosting.sites.update"]
[debug] [2022-04-30T00:51:00.169Z] >>> [apiv2][query] POST https://cloudresourcemanager.googleapis.com/v1/projects/genius-car-services-4c6bc:testIamPermissions [none]
[debug] [2022-04-30T00:51:00.169Z] >>> [apiv2][body] POST https://cloudresourcemanager.googleapis.com/v1/projects/genius-car-services-4c6bc:testIamPermissions {"permissions":["firebase.projects.get","firebasehosting.sites.update"]}
[debug] [2022-04-30T00:51:01.624Z] <<< [apiv2][status] POST https://cloudresourcemanager.googleapis.com/v1/projects/genius-car-services-4c6bc:testIamPermissions 200
[debug] [2022-04-30T00:51:01.624Z] <<< [apiv2][body] POST https://cloudresourcemanager.googleapis.com/v1/projects/genius-car-services-4c6bc:testIamPermissions {"permissions":["firebase.projects.get","firebasehosting.sites.update"]}
[debug] [2022-04-30T00:51:01.625Z] >>> [apiv2][query] GET https://firebase.googleapis.com/v1beta1/projects/genius-car-services-4c6bc [none]
[debug] [2022-04-30T00:51:02.399Z] <<< [apiv2][status] GET https://firebase.googleapis.com/v1beta1/projects/genius-car-services-4c6bc 200
[debug] [2022-04-30T00:51:02.400Z] <<< [apiv2][body] GET https://firebase.googleapis.com/v1beta1/projects/genius-car-services-4c6bc {"projectId":"genius-car-services-4c6bc","projectNumber":"100124440656","displayName":"genius-car-services","name":"projects/genius-car-services-4c6bc","resources":{"hostingSite":"genius-car-services-4c6bc"},"state":"ACTIVE"}
[info] 
[info] === Deploying to 'genius-car-services-4c6bc'...
[info] 
[info] i  deploying hosting 
[debug] [2022-04-30T01:00:40.608Z] >>> [apiv2][query] GET https://firebase.googleapis.com/v1beta1/projects/genius-car-services-4c6bc [none]
[debug] [2022-04-30T01:00:41.355Z] <<< [apiv2][status] GET https://firebase.googleapis.com/v1beta1/projects/genius-car-services-4c6bc 200
[debug] [2022-04-30T01:00:41.356Z] <<< [apiv2][body] GET https://firebase.googleapis.com/v1beta1/projects/genius-car-services-4c6bc {"projectId":"genius-car-services-4c6bc","projectNumber":"100124440656","displayName":"genius-car-services","name":"projects/genius-car-services-4c6bc","resources":{"hostingSite":"genius-car-services-4c6bc"},"state":"ACTIVE"}
[debug] [2022-04-30T01:00:41.358Z] >>> [apiv2][query] POST https://firebasehosting.googleapis.com/v1beta1/projects/100124440656/sites/genius-car-services-4c6bc/versions [none]
[debug] [2022-04-30T01:00:41.358Z] >>> [apiv2][body] POST https://firebasehosting.googleapis.com/v1beta1/projects/100124440656/sites/genius-car-services-4c6bc/versions {"config":{"rewrites":[{"glob":"**","path":"/index.html"}]},"labels":{"deployment-tool":"cli-firebase"}}
[debug] [2022-04-30T01:00:43.242Z] <<< [apiv2][status] POST https://firebasehosting.googleapis.com/v1beta1/projects/100124440656/sites/genius-car-services-4c6bc/versions 200
[debug] [2022-04-30T01:00:43.242Z] <<< [apiv2][body] POST https://firebasehosting.googleapis.com/v1beta1/projects/100124440656/sites/genius-car-services-4c6bc/versions {"name":"projects/100124440656/sites/genius-car-services-4c6bc/versions/cad7eaec258f98f8","status":"CREATED","config":{"rewrites":[{"glob":"**","path":"/index.html"}]},"labels":{"deployment-tool":"cli-firebase"}}
[info] i  hosting[genius-car-services-4c6bc]: beginning deploy... 
[info] i  hosting[genius-car-services-4c6bc]: found 27 files in build 
[debug] [2022-04-30T01:00:43.253Z] [hosting] uploading with 200 concurrency
[debug] [2022-04-30T01:00:43.493Z] [hosting] hash cache [YnVpbGQ] stored for 27 files
[debug] [2022-04-30T01:00:43.494Z] [hosting][hash queue][FINAL] {"max":235,"min":3,"avg":20.185185185185187,"active":0,"complete":27,"success":27,"errored":0,"retried":0,"total":27,"elapsed":240}
[debug] [2022-04-30T01:00:43.494Z] >>> [apiv2][query] POST https://firebasehosting.googleapis.com/v1beta1/projects/100124440656/sites/genius-car-services-4c6bc/versions/cad7eaec258f98f8:populateFiles [none]
[debug] [2022-04-30T01:00:43.494Z] >>> [apiv2][body] POST https://firebasehosting.googleapis.com/v1beta1/projects/100124440656/sites/genius-car-services-4c6bc/versions/cad7eaec258f98f8:populateFiles {"files":{"/favicon.ico":"eae62e993eb980ec8a25058c39d5a51feab118bd2100c4deebb2a9c158ec11f9","/logo192.png":"3ee59515172ee198f3be375979df15ac5345183e656720a381b8872b2a39dc8b","/logo512.png":"ee7e2f3fdb8209c4b6fd7bef6ba50d1b9dba30a25bb5c3126df057e1cb6f5331","/manifest.json":"aff3449bdc238776f5d6d967f19ec491b36aed5fb7f23ccff6500736fd58494a","/robots.txt":"bfe106a3fb878dc83461c86818bf74fc1bdc7f28538ba613cd3e775516ce8b49","/services.json":"952f599daa92fc271d070d6cfe80387826fc783abffaccae2bb58fe40aef38c5","/asset-manifest.json":"3f8ae9245924dd239ca8c0474909fd91c05ef51aff798525dc52d140a5d4a85d","/index.html":"0e76cc03ff0d416020e847247c145aa621a228ed633b8b3b2f1f19db2b4a6d83","/static/js/787.447d9c01.chunk.js":"c4b0b1357c5947a9324b426b8f4b8da5b7c562fc5f1368d63324e905ba0937c8","/static/css/main.b237687a.css":"51ab2ddc760a8102d7322b19e7423ce71bd8702f9764396065a1584c96ab3512","/static/js/787.447d9c01.chunk.js.map":"0d8e302d37eda270e2db148f395245e3ec35d3274b7a6b4b87f02aaadedf6244","/static/js/main.1873afef.js.LICENSE.txt":"980850d0c97fc4da1718320dcc140b4bafb239b14275f3a5d9640098e064ab8a","/static/css/main.b237687a.css.map":"2dae1857a24ed70305c93447a844cd7ae096742cb520018fe852c999b3482e05","/static/media/logo.14b2c385181a2125e703.png":"14a258d17d8463e80634ec048321fbf0d872b119d7b1d3cdd435e51feee6bd3f","/static/media/facebook.3cb08c9d44e0707a25e4.png":"6686914a2657827de74219e55096ed0952d18bfe07489a4cbfbc3647ecb148e9","/static/media/expert-1.46b6dd797e995dc36b0d.jpg":"c053b26cfd2c3fee3ff1575b8fac426b7b9c8cbc0aecfb65a1ef668491fada54","/static/media/expert-2.7302b824c139c4802f25.jpg":"87a026db7bd08863679a732146572f9367c396e62551a75940b83a43d98dddd3","/static/media/expert-4.2b4fc0a94427b003ac09.jpg":"f34444a2b24e71e072b36df57256e54a3ebf13604744159ba014e125923c7bba","/static/media/expert-5.15c7bbb4c0825b684bf5.jpg":"2bcf0a6dba8194ab1a5c7fe6d93014df9040777905fc01f8531beb73ac4a30ea","/static/media/expert-3.37a9396fe5866296e1c1.jpg":"6896842116b276105326a7e6ac13b444fa241e11b8aae930d9d21b3a4f046e9b","/static/media/expert-6.8de1d3d74d0436134484.png":"28ed854f3980c131faddb218af3660b14d27a1816b89c4e21d150e8eb9bb3556","/static/media/banner1.a56cf880f63ad1ddfb50.jpg":"25dee1bbba1edf327125abfde5fa697ec6481c3598c449967d9d98f65c4d6ef6","/static/media/banner2.21817224ae4e8c9fcca3.jpg":"d1c373d7d6c966c11996278a616afa307048584eb25ec5e70c0cce296b6d4101","/static/media/banner3.8b75e86de63bb19135c2.jpg":"947ceca351e3a2264ed2821dc087743dfa87c8f57cf8b2c7b9ae251a53ba81ba","/static/js/main.1873afef.js":"872d26c6701db11b01741818029b54916c4c6f1b624d8839475501703f7a1628","/static/media/sleeping.3be289e9f44d9dd7de7d.jpg":"b91aad158114419f9bbaa815f78d2c924a9edae3ddc36942779a35939e663947","/static/js/main.1873afef.js.map":"67597e2ea046352a7921cc360d308112cf578321ee7b4c741443978c05471f94"}}
[debug] [2022-04-30T01:00:45.152Z] <<< [apiv2][status] POST https://firebasehosting.googleapis.com/v1beta1/projects/100124440656/sites/genius-car-services-4c6bc/versions/cad7eaec258f98f8:populateFiles 200
[debug] [2022-04-30T01:00:45.153Z] <<< [apiv2][body] POST https://firebasehosting.googleapis.com/v1beta1/projects/100124440656/sites/genius-car-services-4c6bc/versions/cad7eaec258f98f8:populateFiles {"uploadUrl":"https://upload-firebasehosting.googleapis.com/upload/sites/genius-car-services-4c6bc/versions/cad7eaec258f98f8/files"}
[debug] [2022-04-30T01:00:45.153Z] [hosting][populate queue][FINAL] {"max":1661,"min":1661,"avg":1661,"active":0,"complete":1,"success":1,"errored":0,"retried":0,"total":1,"elapsed":1661}
[debug] [2022-04-30T01:00:45.153Z] [hosting] uploads queued: 0
[debug] [2022-04-30T01:00:45.154Z] [hosting][upload queue][FINAL] {"max":0,"min":9999999999,"avg":0,"active":0,"complete":0,"success":0,"errored":0,"retried":0,"total":0,"elapsed":1651280445154}
[info] +  hosting[genius-car-services-4c6bc]: file upload complete 
[debug] [2022-04-30T01:00:45.155Z] [hosting] deploy completed after 1912ms
[debug] [2022-04-30T01:00:45.158Z] [
  {
    "config": {
      "public": "build",
      "ignore": [
        "firebase.json",
        "**/.*",
        "**/node_modules/**"
      ],
      "rewrites": [
        {
          "source": "**",
          "destination": "/index.html"
        }
      ],
      "site": "genius-car-services-4c6bc"
    },
    "site": "genius-car-services-4c6bc",
    "version": "projects/100124440656/sites/genius-car-services-4c6bc/versions/cad7eaec258f98f8"
  }
]
[info] i  hosting[genius-car-services-4c6bc]: finalizing version... 
[debug] [2022-04-30T01:00:45.159Z] >>> [apiv2][query] PATCH https://firebasehosting.googleapis.com/v1beta1/projects/100124440656/sites/genius-car-services-4c6bc/versions/cad7eaec258f98f8 updateMask=status%2Cconfig
[debug] [2022-04-30T01:00:45.159Z] >>> [apiv2][body] PATCH https://firebasehosting.googleapis.com/v1beta1/projects/100124440656/sites/genius-car-services-4c6bc/versions/cad7eaec258f98f8 {"status":"FINALIZED","config":{"rewrites":[{"glob":"**","path":"/index.html"}]}}
